C51 COMPILER V9.57.0.0   DS1302                                                            12/12/2021 12:10:41 PAGE 1   


C51 COMPILER V9.57.0.0, COMPILATION OF MODULE DS1302
OBJECT MODULE PLACED IN .\Objects\ds1302.obj
COMPILER INVOKED BY: C:\software\C51\BIN\C51.EXE ds1302.c OPTIMIZE(8,SPEED) BROWSE DEBUG OBJECTEXTEND PRINT(.\Listings\d
                    -s1302.lst) TABS(5) OBJECT(.\Objects\ds1302.obj)

line level    source

   1          /*
   2            程序说明: DS1302驱动程序
   3            软件环境: Keil uVision 4.10 
   4            硬件环境: CT107单片机综合实训平台 8051，12MHz
   5            日    期: 2011-8-9
   6          */
   7          
   8          #include <reg52.h>
   9          #include <intrins.h>
  10          
  11          sbit SCK=P1^7;      
  12          sbit SDA=P2^3;      
  13          sbit RST = P1^3;   // DS1302复位                                                          
  14          
  15          void Write_Ds1302(unsigned  char temp) 
  16          {
  17   1           unsigned char i;
  18   1           for (i=0;i<8;i++)        
  19   1           { 
  20   2                SCK=0;
  21   2                SDA=temp&0x01;
  22   2                temp>>=1; 
  23   2                SCK=1;
  24   2           }
  25   1      }   
  26          
  27          void Write_Ds1302_Byte( unsigned char address,unsigned char dat )     
  28          {
  29   1           RST=0;    _nop_();
  30   1           SCK=0;    _nop_();
  31   1           RST=1;    _nop_();  
  32   1           Write_Ds1302(address);   
  33   1           Write_Ds1302(dat);       
  34   1           RST=0; 
  35   1      }
  36          
  37          unsigned char Read_Ds1302_Byte ( unsigned char address )
  38          {
  39   1           unsigned char i,temp=0x00;
  40   1           RST=0;    _nop_();
  41   1           SCK=0;    _nop_();
  42   1           RST=1;    _nop_();
  43   1           Write_Ds1302(address);
  44   1           for (i=0;i<8;i++)   
  45   1           {         
  46   2                SCK=0;
  47   2                temp>>=1; 
  48   2                if(SDA)
  49   2                temp|=0x80;    
  50   2                SCK=1;
  51   2           } 
  52   1           RST=0;    _nop_();
  53   1           SCK=0;    _nop_();
  54   1           SCK=1;    _nop_();
C51 COMPILER V9.57.0.0   DS1302                                                            12/12/2021 12:10:41 PAGE 2   

  55   1           SDA=0;    _nop_();
  56   1           SDA=1;    _nop_();
  57   1           return (temp);           
  58   1      }
  59          
  60          
  61          
  62          void set_sfm(unsigned char shi,unsigned char  fen,unsigned char  miao)
  63          {
  64   1      Write_Ds1302_Byte(0x8e,0);
  65   1      Write_Ds1302_Byte(0x80,(miao/10)*16+miao%10);
  66   1      Write_Ds1302_Byte(0x82,(fen/10)*16+fen%10);
  67   1      Write_Ds1302_Byte(0x84,(shi/10)*16+shi%10);
  68   1      Write_Ds1302_Byte(0x8e,0x80);
  69   1      }
  70          
  71          //        EA=0;
  72          //        shi_16=Read_Ds1302_Byte(0x85);
  73          //        fen_16=Read_Ds1302_Byte(0x83);
  74          //        miao_16=Read_Ds1302_Byte(0x81);
  75          //        EA=1;


MODULE INFORMATION:   STATIC OVERLAYABLE
   CODE SIZE        =    175    ----
   CONSTANT SIZE    =   ----    ----
   XDATA SIZE       =   ----    ----
   PDATA SIZE       =   ----    ----
   DATA SIZE        =   ----    ----
   IDATA SIZE       =   ----    ----
   BIT SIZE         =   ----    ----
END OF MODULE INFORMATION.


C51 COMPILATION COMPLETE.  0 WARNING(S),  0 ERROR(S)
